<?xml version="1.0" encoding="UTF-8"?>
<testng-results skipped="0" failed="1" total="1" passed="0">
  <reporter-output>
  </reporter-output>
  <suite name="Default suite" duration-ms="23601" started-at="2016-06-17T11:10:18Z" finished-at="2016-06-17T11:10:42Z">
    <groups>
    </groups>
    <test name="Default test" duration-ms="23601" started-at="2016-06-17T11:10:18Z" finished-at="2016-06-17T11:10:42Z">
      <class name="testcases.VerifyLoginPageWithReport1">
        <test-method status="PASS" signature="setUP()[pri:0, instance:testcases.VerifyLoginPageWithReport1@546a03af]" name="setUP" is-config="true" duration-ms="16581" started-at="2016-06-17T16:40:18Z" finished-at="2016-06-17T16:40:35Z">
          <reporter-output>
          </reporter-output>
        </test-method> <!-- setUP -->
        <test-method status="FAIL" signature="testHomePage()[pri:0, instance:testcases.VerifyLoginPageWithReport1@546a03af]" name="testHomePage" duration-ms="6060" started-at="2016-06-17T16:40:35Z" finished-at="2016-06-17T16:40:41Z">
          <exception class="junit.framework.ComparisonFailure">
            <message>
              <![CDATA[Sign Out expected:<Sign [Out]> but was:<Sign [out link is not verified properly]>]]>
            </message>
            <full-stacktrace>
              <![CDATA[junit.framework.ComparisonFailure: Sign Out expected:<Sign [Out]> but was:<Sign [out link is not verified properly]>
	at junit.framework.Assert.assertEquals(Assert.java:85)
	at pages.LoginPage.verifySignOutLink(LoginPage.java:43)
	at testcases.VerifyLoginPageWithReport1.testHomePage(VerifyLoginPageWithReport1.java:73)
	at sun.reflect.NativeMethodAccessorImpl.invoke0(Native Method)
	at sun.reflect.NativeMethodAccessorImpl.invoke(Unknown Source)
	at sun.reflect.DelegatingMethodAccessorImpl.invoke(Unknown Source)
	at java.lang.reflect.Method.invoke(Unknown Source)
	at org.testng.internal.MethodInvocationHelper.invokeMethod(MethodInvocationHelper.java:80)
	at org.testng.internal.Invoker.invokeMethod(Invoker.java:714)
	at org.testng.internal.Invoker.invokeTestMethod(Invoker.java:901)
	at org.testng.internal.Invoker.invokeTestMethods(Invoker.java:1231)
	at org.testng.internal.TestMethodWorker.invokeTestMethods(TestMethodWorker.java:127)
	at org.testng.internal.TestMethodWorker.run(TestMethodWorker.java:111)
	at org.testng.TestRunner.privateRun(TestRunner.java:767)
	at org.testng.TestRunner.run(TestRunner.java:617)
	at org.testng.SuiteRunner.runTest(SuiteRunner.java:334)
	at org.testng.SuiteRunner.runSequentially(SuiteRunner.java:329)
	at org.testng.SuiteRunner.privateRun(SuiteRunner.java:291)
	at org.testng.SuiteRunner.run(SuiteRunner.java:240)
	at org.testng.SuiteRunnerWorker.runSuite(SuiteRunnerWorker.java:52)
	at org.testng.SuiteRunnerWorker.run(SuiteRunnerWorker.java:86)
	at org.testng.TestNG.runSuitesSequentially(TestNG.java:1198)
	at org.testng.TestNG.runSuitesLocally(TestNG.java:1123)
	at org.testng.TestNG.run(TestNG.java:1031)
	at org.testng.remote.RemoteTestNG.run(RemoteTestNG.java:111)
	at org.testng.remote.RemoteTestNG.initAndRun(RemoteTestNG.java:204)
	at org.testng.remote.RemoteTestNG.main(RemoteTestNG.java:175)
]]>
            </full-stacktrace>
          </exception> <!-- junit.framework.ComparisonFailure -->
          <reporter-output>
          </reporter-output>
        </test-method> <!-- testHomePage -->
        <test-method status="PASS" signature="tearDown(org.testng.ITestResult)[pri:0, instance:testcases.VerifyLoginPageWithReport1@546a03af]" name="tearDown" is-config="true" duration-ms="948" started-at="2016-06-17T16:40:41Z" finished-at="2016-06-17T16:40:42Z">
          <params>
            <param index="0">
              <value>
                <![CDATA[[TestResult name=testHomePage status=FAILURE method=VerifyLoginPageWithReport1.testHomePage()[pri:0, instance:testcases.VerifyLoginPageWithReport1@546a03af] output={null}]]]>
              </value>
            </param>
          </params>
          <reporter-output>
          </reporter-output>
        </test-method> <!-- tearDown -->
      </class> <!-- testcases.VerifyLoginPageWithReport1 -->
    </test> <!-- Default test -->
  </suite> <!-- Default suite -->
</testng-results>
