<?xml version="1.0" encoding="UTF-8"?>
<testng-results skipped="0" failed="0" total="0" passed="0">
  <reporter-output>
  </reporter-output>
  <suite name="RegressionSuite" duration-ms="6" started-at="2016-06-18T18:21:32Z" finished-at="2016-06-18T18:21:32Z">
    <groups>
    </groups>
    <test name="RegressionTest" duration-ms="6" started-at="2016-06-18T18:21:32Z" finished-at="2016-06-18T18:21:32Z">
    </test> <!-- RegressionTest -->
  </suite> <!-- RegressionSuite -->
</testng-results>
