<?xml version="1.0" encoding="UTF-8"?>
<!-- Generated by org.testng.reporters.JUnitXMLReporter -->
<testsuite hostname="msi-l1413" name="SmokeSceanrio" tests="2" failures="1" timestamp="16 Jun 2016 18:54:07 GMT" time="33.031" errors="0">
  <testcase name="testHomePage" time="6.194" classname="testcases.VerifyLoginPage">
    <failure type="junit.framework.ComparisonFailure" message="Sign Out expected:&amp;lt;Sign [Out]&amp;gt; but was:&amp;lt;Sign [out link is not verified properly]&amp;gt;">
      <![CDATA[junit.framework.ComparisonFailure: Sign Out expected:<Sign [Out]> but was:<Sign [out link is not verified properly]>
	at junit.framework.Assert.assertEquals(Assert.java:85)
	at pages.LoginPage.verifySignOutLink(LoginPage.java:43)
	at testcases.VerifyLoginPage.testHomePage(VerifyLoginPage.java:42)
... Removed 24 stack frames]]>
    </failure>
  </testcase> <!-- testHomePage -->
  <testcase name="testHomePage" time="0.069" classname="testcases.VerifyHomePage"/>
</testsuite> <!-- SmokeSceanrio -->
